#
# There is insufficient memory for the Java Runtime Environment to continue.
# Native memory allocation (mmap) failed to map 402653184 bytes for G1 virtual space
# Possible reasons:
#   The system is out of physical RAM or swap space
#   The process is running with CompressedOops enabled, and the Java Heap may be blocking the growth of the native heap
# Possible solutions:
#   Reduce memory load on the system
#   Increase physical memory or swap space
#   Check if swap backing store is full
#   Decrease Java heap size (-Xmx/-Xms)
#   Decrease number of Java threads
#   Decrease Java thread stack sizes (-Xss)
#   Set larger code cache with -XX:ReservedCodeCacheSize=
#   JVM is running with Zero Based Compressed Oops mode in which the Java heap is
#     placed in the first 32GB address space. The Java Heap base address is the
#     maximum limit for the native heap growth. Please use -XX:HeapBaseMinAddress
#     to set the Java Heap base and to place the Java Heap above 32GB virtual address.
# This output file may be truncated or incomplete.
#
#  Out of Memory Error (os_windows.cpp:3557), pid=42952, tid=39208
#
# JRE version:  (17.0.6+10) (build )
# Java VM: OpenJDK 64-Bit Server VM (17.0.6+10, mixed mode, sharing, tiered, compressed oops, compressed class ptrs, g1 gc, windows-amd64)
# No core dump will be written. Minidumps are not enabled by default on client versions of Windows
#

---------------  S U M M A R Y ------------

Command Line: -Dfile.encoding=UTF-8 --module-path=F:\project\java\LibrarySystem\bin -XX:+ShowCodeDetailsInExceptionMessages -Djdk.module.main=LibrarySystem LibrarySystem/application.LibraryApplication

Host: Intel(R) Xeon(R) CPU E3-1231 v3 @ 3.40GHz, 8 cores, 23G,  Windows 10 , 64 bit Build 19041 (10.0.19041.2913)
Time: Sun May 14 01:18:54 2023  Windows 10 , 64 bit Build 19041 (10.0.19041.2913) elapsed time: 0.047088 seconds (0d 0h 0m 0s)

---------------  T H R E A D  ---------------

Current thread (0x000001e797d98160):  JavaThread "Unknown thread" [_thread_in_vm, id=39208, stack(0x0000005f1a900000,0x0000005f1aa00000)]

Stack: [0x0000005f1a900000,0x0000005f1aa00000]
Native frames: (J=compiled Java code, j=interpreted, Vv=VM code, C=native code)
V  [jvm.dll+0x67741a]
V  [jvm.dll+0x834434]
V  [jvm.dll+0x835bde]
V  [jvm.dll+0x836243]
V  [jvm.dll+0x2457b5]
V  [jvm.dll+0x674329]
V  [jvm.dll+0x6689da]
V  [jvm.dll+0x30489b]
V  [jvm.dll+0x30bd96]
V  [jvm.dll+0x35b57e]
V  [jvm.dll+0x35b7af]
V  [jvm.dll+0x2db778]
V  [jvm.dll+0x2dc6e4]
V  [jvm.dll+0x806131]
V  [jvm.dll+0x369331]
V  [jvm.dll+0x7e56ac]
V  [jvm.dll+0x3eb35f]
V  [jvm.dll+0x3ecea1]
C  [jli.dll+0x5267]
C  [ucrtbase.dll+0x21bb2]
C  [KERNEL32.DLL+0x17614]
C  [ntdll.dll+0x526a1]


---------------  P R O C E S S  ---------------

Threads class SMR info:
_java_thread_list=0x00007ffc9b8b5fd8, length=0, elements={
}

Java Threads: ( => current thread )

Other Threads:
  0x000001e797e23700 GCTaskThread "GC Thread#0" [stack: 0x0000005f1aa00000,0x0000005f1ab00000] [id=43000]
  0x000001e797e30c40 ConcurrentGCThread "G1 Main Marker" [stack: 0x0000005f1ab00000,0x0000005f1ac00000] [id=41352]
  0x000001e797e31560 ConcurrentGCThread "G1 Conc#0" [stack: 0x0000005f1ac00000,0x0000005f1ad00000] [id=34460]

[error occurred during error reporting (printing all threads), id 0xc0000005, EXCEPTION_ACCESS_VIOLATION (0xc0000005) at pc=0x00007ffc9b08c1e7]

VM state: not at safepoint (not fully initialized)

VM Mutex/Monitor currently owned by a thread:  ([mutex/lock_event])
[0x000001e797d92610] Heap_lock - owner thread: 0x000001e797d98160

Heap address: 0x0000000681400000, size: 6124 MB, Compressed Oops mode: Zero based, Oop shift amount: 3

CDS archive(s) mapped at: [0x0000000000000000-0x0000000000000000-0x0000000000000000), size 0, SharedBaseAddress: 0x0000000800000000, ArchiveRelocationMode: 0.
Narrow klass base: 0x0000000000000000, Narrow klass shift: 0, Narrow klass range: 0x0

GC Precious Log:
<Empty>

Heap:
 garbage-first heap   total 0K, used 0K [0x0000000681400000, 0x0000000800000000)
  region size 4096K, 0 young (0K), 0 survivors (0K)

[error occurred during error reporting (printing heap information), id 0xc0000005, EXCEPTION_ACCESS_VIOLATION (0xc0000005) at pc=0x00007ffc9b4706f9]

GC Heap History (0 events):
No events

Dll operation events (1 events):
Event: 0.026 Loaded shared library C:\Users\82104\.p2\pool\plugins\org.eclipse.justj.openjdk.hotspot.jre.full.win32.x86_64_17.0.6.v20230204-1729\jre\bin\java.dll

Deoptimization events (0 events):
No events

Classes unloaded (0 events):
No events

Classes redefined (0 events):
No events

Internal exceptions (0 events):
No events

VM Operations (0 events):
No events

Events (0 events):
No events


Dynamic libraries:
0x00007ff6523d0000 - 0x00007ff6523de000 	C:\Users\82104\.p2\pool\plugins\org.eclipse.justj.openjdk.hotspot.jre.full.win32.x86_64_17.0.6.v20230204-1729\jre\bin\javaw.exe
0x00007ffcdc890000 - 0x00007ffcdca88000 	C:\WINDOWS\SYSTEM32\ntdll.dll
0x00007ffcda8f0000 - 0x00007ffcda9af000 	C:\WINDOWS\System32\KERNEL32.DLL
0x00007ffcda0d0000 - 0x00007ffcda3c6000 	C:\WINDOWS\System32\KERNELBASE.dll
0x00007ffcda7f0000 - 0x00007ffcda8f0000 	C:\WINDOWS\System32\ucrtbase.dll
0x00007ffcd5c80000 - 0x00007ffcd5c97000 	C:\Users\82104\.p2\pool\plugins\org.eclipse.justj.openjdk.hotspot.jre.full.win32.x86_64_17.0.6.v20230204-1729\jre\bin\jli.dll
0x00007ffcd5ca0000 - 0x00007ffcd5cb9000 	C:\Users\82104\.p2\pool\plugins\org.eclipse.justj.openjdk.hotspot.jre.full.win32.x86_64_17.0.6.v20230204-1729\jre\bin\VCRUNTIME140.dll
0x00007ffcdafb0000 - 0x00007ffcdb14d000 	C:\WINDOWS\System32\USER32.dll
0x00007ffcda530000 - 0x00007ffcda552000 	C:\WINDOWS\System32\win32u.dll
0x00007ffcdbbd0000 - 0x00007ffcdbbfc000 	C:\WINDOWS\System32\GDI32.dll
0x00007ffcda590000 - 0x00007ffcda6a5000 	C:\WINDOWS\System32\gdi32full.dll
0x00007ffcd9f70000 - 0x00007ffcda00d000 	C:\WINDOWS\System32\msvcp_win.dll
0x00007ffcc0860000 - 0x00007ffcc0afa000 	C:\WINDOWS\WinSxS\amd64_microsoft.windows.common-controls_6595b64144ccf1df_6.0.19041.1110_none_60b5254171f9507e\COMCTL32.dll
0x00007ffcdaf10000 - 0x00007ffcdafae000 	C:\WINDOWS\System32\msvcrt.dll
0x00007ffcdb690000 - 0x00007ffcdb6c0000 	C:\WINDOWS\System32\IMM32.DLL
0x00007ffcc8de0000 - 0x00007ffcc8dec000 	C:\Users\82104\.p2\pool\plugins\org.eclipse.justj.openjdk.hotspot.jre.full.win32.x86_64_17.0.6.v20230204-1729\jre\bin\vcruntime140_1.dll
0x00007ffcbe9b0000 - 0x00007ffcbea41000 	C:\Users\82104\.p2\pool\plugins\org.eclipse.justj.openjdk.hotspot.jre.full.win32.x86_64_17.0.6.v20230204-1729\jre\bin\msvcp140.dll
0x00007ffc9ada0000 - 0x00007ffc9b9e7000 	C:\Users\82104\.p2\pool\plugins\org.eclipse.justj.openjdk.hotspot.jre.full.win32.x86_64_17.0.6.v20230204-1729\jre\bin\server\jvm.dll
0x00007ffcdba50000 - 0x00007ffcdbaff000 	C:\WINDOWS\System32\ADVAPI32.dll
0x00007ffcdb920000 - 0x00007ffcdb9bc000 	C:\WINDOWS\System32\sechost.dll
0x00007ffcdaa90000 - 0x00007ffcdabb6000 	C:\WINDOWS\System32\RPCRT4.dll
0x00007ffcc8d80000 - 0x00007ffcc8d89000 	C:\WINDOWS\SYSTEM32\WSOCK32.dll
0x00007ffcccd90000 - 0x00007ffcccdb7000 	C:\WINDOWS\SYSTEM32\WINMM.dll
0x00007ffcdae40000 - 0x00007ffcdaeab000 	C:\WINDOWS\System32\WS2_32.dll
0x00007ffcd45b0000 - 0x00007ffcd45ba000 	C:\WINDOWS\SYSTEM32\VERSION.dll
0x00007ffcd7e50000 - 0x00007ffcd7e62000 	C:\WINDOWS\SYSTEM32\kernel.appcore.dll
0x00007ffcc8d20000 - 0x00007ffcc8d2a000 	C:\Users\82104\.p2\pool\plugins\org.eclipse.justj.openjdk.hotspot.jre.full.win32.x86_64_17.0.6.v20230204-1729\jre\bin\jimage.dll
0x00007ffcc8720000 - 0x00007ffcc8904000 	C:\WINDOWS\SYSTEM32\DBGHELP.DLL
0x00007ffcbffa0000 - 0x00007ffcbffd4000 	C:\WINDOWS\SYSTEM32\dbgcore.DLL
0x00007ffcda760000 - 0x00007ffcda7e2000 	C:\WINDOWS\System32\bcryptPrimitives.dll
0x00007ffcc1c60000 - 0x00007ffcc1c85000 	C:\Users\82104\.p2\pool\plugins\org.eclipse.justj.openjdk.hotspot.jre.full.win32.x86_64_17.0.6.v20230204-1729\jre\bin\java.dll

dbghelp: loaded successfully - version: 4.0.5 - missing functions: none
symbol engine: initialized successfully - sym options: 0x614 - pdb path: .;C:\Users\82104\.p2\pool\plugins\org.eclipse.justj.openjdk.hotspot.jre.full.win32.x86_64_17.0.6.v20230204-1729\jre\bin;C:\WINDOWS\SYSTEM32;C:\WINDOWS\WinSxS\amd64_microsoft.windows.common-controls_6595b64144ccf1df_6.0.19041.1110_none_60b5254171f9507e;C:\Users\82104\.p2\pool\plugins\org.eclipse.justj.openjdk.hotspot.jre.full.win32.x86_64_17.0.6.v20230204-1729\jre\bin\server

VM Arguments:
jvm_args: -Dfile.encoding=UTF-8 --module-path=F:\project\java\LibrarySystem\bin -XX:+ShowCodeDetailsInExceptionMessages -Djdk.module.main=LibrarySystem 
java_command: LibrarySystem/application.LibraryApplication
java_class_path (initial): <not set>
Launcher Type: SUN_STANDARD

[Global flags]
     intx CICompilerCount                          = 4                                         {product} {ergonomic}
     uint ConcGCThreads                            = 2                                         {product} {ergonomic}
     uint G1ConcRefinementThreads                  = 8                                         {product} {ergonomic}
   size_t G1HeapRegionSize                         = 4194304                                   {product} {ergonomic}
    uintx GCDrainStackTargetSize                   = 64                                        {product} {ergonomic}
   size_t InitialHeapSize                          = 402653184                                 {product} {ergonomic}
   size_t MarkStackSize                            = 4194304                                   {product} {ergonomic}
   size_t MaxHeapSize                              = 6421479424                                {product} {ergonomic}
   size_t MinHeapDeltaBytes                        = 4194304                                   {product} {ergonomic}
   size_t MinHeapSize                              = 8388608                                   {product} {ergonomic}
    uintx NonNMethodCodeHeapSize                   = 5839372                                {pd product} {ergonomic}
    uintx NonProfiledCodeHeapSize                  = 122909434                              {pd product} {ergonomic}
    uintx ProfiledCodeHeapSize                     = 122909434                              {pd product} {ergonomic}
    uintx ReservedCodeCacheSize                    = 251658240                              {pd product} {ergonomic}
     bool SegmentedCodeCache                       = true                                      {product} {ergonomic}
     bool ShowCodeDetailsInExceptionMessages       = true                                   {manageable} {command line}
   size_t SoftMaxHeapSize                          = 6421479424                             {manageable} {ergonomic}
     bool UseCompressedClassPointers               = true                           {product lp64_product} {ergonomic}
     bool UseCompressedOops                        = true                           {product lp64_product} {ergonomic}
     bool UseG1GC                                  = true                                      {product} {ergonomic}
     bool UseLargePagesIndividualAllocation        = false                                  {pd product} {ergonomic}

Logging:
Log output configuration:
 #0: stdout all=warning uptime,level,tags
 #1: stderr all=off uptime,level,tags

Environment Variables:
JAVA_HOME=F:\Program Files\Java\jdk-11
PATH=C:/Users/82104/.p2/pool/plugins/org.eclipse.justj.openjdk.hotspot.jre.full.win32.x86_64_17.0.6.v20230204-1729/jre/bin/server;C:/Users/82104/.p2/pool/plugins/org.eclipse.justj.openjdk.hotspot.jre.full.win32.x86_64_17.0.6.v20230204-1729/jre/bin;C:\Program Files\Common Files\Oracle\Java\javapath;C:\Program Files (x86)\NAT Service;C:\WINDOWS\system32;C:\WINDOWS;C:\WINDOWS\System32\Wbem;C:\WINDOWS\System32\WindowsPowerShell\v1.0\;C:\WINDOWS\System32\OpenSSH\;F:\Program Files\Java\jdk-11\bin;F:\Program Files\Git\cmd;C:\Users\82104\AppData\Local\Microsoft\WindowsApps;C:\Program Files\Bandizip\;F:\Program Files\Microsoft VS Code\bin;C:\Users\82104\πŸ≈¡ »≠∏È;
USERNAME=82104
OS=Windows_NT
PROCESSOR_IDENTIFIER=Intel64 Family 6 Model 60 Stepping 3, GenuineIntel
TMP=C:\Users\82104\AppData\Local\Temp
TEMP=C:\Users\82104\AppData\Local\Temp



---------------  S Y S T E M  ---------------

OS:
 Windows 10 , 64 bit Build 19041 (10.0.19041.2913)
OS uptime: 0 days 12:20 hours

CPU: total 8 (initial active 8) (4 cores per cpu, 2 threads per core) family 6 model 60 stepping 3 microcode 0x27, cx8, cmov, fxsr, ht, mmx, sse, sse2, sse3, ssse3, sse4.1, sse4.2, popcnt, lzcnt, tsc, tscinvbit, avx, avx2, aes, erms, clmul, bmi1, bmi2, fma, vzeroupper, clflush

Memory: 4k page, system-wide physical 24495M (9423M free)
TotalPageFile size 37051M (AvailPageFile size 320M)
current process WorkingSet (physical memory assigned to process): 10M, peak: 10M
current process commit charge ("private bytes"): 60M, peak: 444M

vm_info: OpenJDK 64-Bit Server VM (17.0.6+10) for windows-amd64 JRE (17.0.6+10), built on Jan 18 2023 10:08:59 by "temurin" with MS VC++ 16.7 (VS2019)

END.
